Flow report for cycloneIII_3c120_niosII_application_selector
Wed Sep 28 11:16:16 2011
Quartus II 64-Bit Version 11.0 Build 157 04/27/2011 SJ Full Version


---------------------
; Table of Contents ;
---------------------
  1. Legal Notice
  2. Flow Summary
  3. Flow Settings
  4. Flow Non-Default Global Settings
  5. Flow Elapsed Time
  6. Flow OS Summary
  7. Flow Log



----------------
; Legal Notice ;
----------------
Copyright (C) 1991-2011 Altera Corporation
Your use of Altera Corporation's design tools, logic functions 
and other software and tools, and its AMPP partner logic 
functions, and any output files from any of the foregoing 
(including device programming or simulation files), and any 
associated documentation or information are expressly subject 
to the terms and conditions of the Altera Program License 
Subscription Agreement, Altera MegaCore Function License 
Agreement, or other applicable license agreement, including, 
without limitation, that your use is for the sole purpose of 
programming logic devices manufactured by Altera and sold by 
Altera or its authorized distributors.  Please refer to the 
applicable agreement for further details.



+-----------------------------------------------------------------------------------+
; Flow Summary                                                                      ;
+------------------------------------+----------------------------------------------+
; Flow Status                        ; Successful - Wed Sep 28 11:10:14 2011        ;
; Quartus II 64-Bit Version          ; 11.0 Build 157 04/27/2011 SJ Full Version    ;
; Revision Name                      ; cycloneIII_3c120_niosII_application_selector ;
; Top-level Entity Name              ; cycloneIII_3c120_niosII_application_selector ;
; Family                             ; Cyclone III                                  ;
; Device                             ; EP3C120F780C7                                ;
; Timing Models                      ; Final                                        ;
; Total logic elements               ; 29,000 / 119,088 ( 24 % )                    ;
;     Total combinational functions  ; 23,410 / 119,088 ( 20 % )                    ;
;     Dedicated logic registers      ; 18,847 / 119,088 ( 16 % )                    ;
; Total registers                    ; 19063                                        ;
; Total pins                         ; 212 / 532 ( 40 % )                           ;
; Total virtual pins                 ; 0                                            ;
; Total memory bits                  ; 854,860 / 3,981,312 ( 21 % )                 ;
; Embedded Multiplier 9-bit elements ; 4 / 576 ( 1 % )                              ;
; Total PLLs                         ; 3 / 4 ( 75 % )                               ;
+------------------------------------+----------------------------------------------+


+------------------------------------------------------------------+
; Flow Settings                                                    ;
+-------------------+----------------------------------------------+
; Option            ; Setting                                      ;
+-------------------+----------------------------------------------+
; Start date & time ; 09/28/2011 10:49:04                          ;
; Main task         ; Compilation                                  ;
; Revision Name     ; cycloneIII_3c120_niosII_application_selector ;
+-------------------+----------------------------------------------+


+------------------------------------------------------------------------------------------------------------------------------------------------------------------------------+
; Flow Non-Default Global Settings                                                                                                                                             ;
+---------------------------------------------------+-------------------------------------------------------------------------------+---------------+-------------+------------+
; Assignment Name                                   ; Value                                                                         ; Default Value ; Entity Name ; Section Id ;
+---------------------------------------------------+-------------------------------------------------------------------------------+---------------+-------------+------------+
; ADV_NETLIST_OPT_SYNTH_GATE_RETIME                 ; On                                                                            ; Off           ; --          ; --         ;
; ADV_NETLIST_OPT_SYNTH_WYSIWYG_REMAP               ; On                                                                            ; Off           ; --          ; --         ;
; COMPILER_SIGNATURE_ID                             ; 206915885739624.131717814306508                                               ; --            ; --          ; --         ;
; CYCLONEII_OPTIMIZATION_TECHNIQUE                  ; Speed                                                                         ; Balanced      ; --          ; --         ;
; FITTER_EFFORT                                     ; Standard Fit                                                                  ; Auto Fit      ; --          ; --         ;
; IP_TOOL_NAME                                      ; ALTPLL                                                                        ; --            ; --          ; --         ;
; IP_TOOL_VERSION                                   ; 11.0                                                                          ; --            ; --          ; --         ;
; MAX_CORE_JUNCTION_TEMP                            ; 85                                                                            ; --            ; --          ; --         ;
; MIN_CORE_JUNCTION_TEMP                            ; 0                                                                             ; --            ; --          ; --         ;
; MISC_FILE                                         ; application_selector/synthesis/submodules/altpllapplication_selector_pll_bb.v ; --            ; --          ; --         ;
; MISC_FILE                                         ; application_selector/synthesis/submodules/altpllapplication_selector_pll.ppf  ; --            ; --          ; --         ;
; MUX_RESTRUCTURE                                   ; Off                                                                           ; Auto          ; --          ; --         ;
; NUM_PARALLEL_PROCESSORS                           ; All                                                                           ; --            ; --          ; --         ;
; OPTIMIZE_MULTI_CORNER_TIMING                      ; On                                                                            ; Off           ; --          ; --         ;
; PARTITION_COLOR                                   ; 2147039                                                                       ; --            ; --          ; Top        ;
; PARTITION_FITTER_PRESERVATION_LEVEL               ; PLACEMENT_AND_ROUTING                                                         ; --            ; --          ; Top        ;
; PARTITION_NETLIST_TYPE                            ; SOURCE                                                                        ; --            ; --          ; Top        ;
; PHYSICAL_SYNTHESIS_ASYNCHRONOUS_SIGNAL_PIPELINING ; On                                                                            ; Off           ; --          ; --         ;
; PHYSICAL_SYNTHESIS_COMBO_LOGIC                    ; On                                                                            ; Off           ; --          ; --         ;
; PHYSICAL_SYNTHESIS_REGISTER_DUPLICATION           ; On                                                                            ; Off           ; --          ; --         ;
; POWER_BOARD_THERMAL_MODEL                         ; None (CONSERVATIVE)                                                           ; --            ; --          ; --         ;
; POWER_PRESET_COOLING_SOLUTION                     ; 23 MM HEAT SINK WITH 200 LFPM AIRFLOW                                         ; --            ; --          ; --         ;
; SEARCH_PATH                                       ; .                                                                             ; --            ; --          ; --         ;
; SEARCH_PATH                                       ; triple_speed_ethernet-library                                                 ; --            ; --          ; --         ;
; SOPC_BUILDER_SIGNATURE_ID                         ; Ipds                                                                          ; --            ; --          ; --         ;
; STATE_MACHINE_PROCESSING                          ; One-Hot                                                                       ; Auto          ; --          ; --         ;
; TIMEQUEST_DO_REPORT_TIMING                        ; On                                                                            ; Off           ; --          ; --         ;
+---------------------------------------------------+-------------------------------------------------------------------------------+---------------+-------------+------------+


+-------------------------------------------------------------------------------------------------------------------------------+
; Flow Elapsed Time                                                                                                             ;
+---------------------------+--------------+-------------------------+---------------------+------------------------------------+
; Module Name               ; Elapsed Time ; Average Processors Used ; Peak Virtual Memory ; Total CPU Time (on all processors) ;
+---------------------------+--------------+-------------------------+---------------------+------------------------------------+
; Analysis & Synthesis      ; 00:07:41     ; 1.0                     ; 1126 MB             ; 00:07:18                           ;
; Fitter                    ; 00:12:37     ; 1.9                     ; 1240 MB             ; 00:15:34                           ;
; Assembler                 ; 00:00:16     ; 1.0                     ; 693 MB              ; 00:00:07                           ;
; TimeQuest Timing Analyzer ; 00:06:13     ; 1.2                     ; 1015 MB             ; 00:06:30                           ;
; Total                     ; 00:26:47     ; --                      ; --                  ; 00:29:29                           ;
+---------------------------+--------------+-------------------------+---------------------+------------------------------------+


+----------------------------------------------------------------------------------------+
; Flow OS Summary                                                                        ;
+---------------------------+------------------+-----------+------------+----------------+
; Module Name               ; Machine Hostname ; OS Name   ; OS Version ; Processor type ;
+---------------------------+------------------+-----------+------------+----------------+
; Analysis & Synthesis      ; PG-LMONG         ; Windows 7 ; 6.1        ; x86_64         ;
; Fitter                    ; PG-LMONG         ; Windows 7 ; 6.1        ; x86_64         ;
; Assembler                 ; PG-LMONG         ; Windows 7 ; 6.1        ; x86_64         ;
; TimeQuest Timing Analyzer ; PG-LMONG         ; Windows 7 ; 6.1        ; x86_64         ;
+---------------------------+------------------+-----------+------------+----------------+


------------
; Flow Log ;
------------
quartus_map --read_settings_files=on --write_settings_files=off cycloneIII_3c120_niosII_application_selector -c cycloneIII_3c120_niosII_application_selector
quartus_fit --read_settings_files=off --write_settings_files=off cycloneIII_3c120_niosII_application_selector -c cycloneIII_3c120_niosII_application_selector
quartus_asm --read_settings_files=off --write_settings_files=off cycloneIII_3c120_niosII_application_selector -c cycloneIII_3c120_niosII_application_selector
quartus_sta cycloneIII_3c120_niosII_application_selector -c cycloneIII_3c120_niosII_application_selector



